<?xml version="1.0" encoding="UTF-8"?>
<!-- Generated by org.testng.reporters.JUnitReportReporter -->
<testsuite hostname="BOOK-NVVFSQ1A0V" failures="0" tests="1" name="sample.Test1" time="0.011" errors="0" timestamp="21 May 2025 10:42:38 GMT" skipped="0">
  <testcase classname="sample.Test1" name="print1" time="0.011"/>
</testsuite> <!-- sample.Test1 -->
